2024-04-14 15:55:31,380 - INFO - Action: create_room
2024-04-16 18:06:42,282 - INFO :  Action: create_room
2024-04-16 19:22:07,971 - INFO :  Action: create_room
2024-04-16 19:33:21,649 - INFO :  Action: create_room
2024-04-17 14:50:57,894 - INFO :  Action: create_room
2024-04-17 14:57:59,205 - INFO :  Action: create_room
2024-04-17 14:58:53,253 - INFO :  Action: create_room
2024-04-17 15:00:17,399 - INFO :  Action: create_room
2024-04-17 15:00:52,954 - INFO :  Action: create_room
2024-04-17 15:01:20,580 - INFO :  Action: create_room
2024-04-17 15:02:07,286 - INFO :  Action: create_room
2024-04-17 15:02:52,690 - INFO :  Action: create_room
2024-04-17 15:05:20,975 - INFO :  Action: create_room
2024-04-17 15:08:36,561 - INFO :  Action: create_room
2024-04-17 15:13:01,429 - INFO :  Action: create_room
2024-04-17 15:13:18,056 - INFO :  Action: create_room
2024-04-17 15:13:55,785 - INFO :  Action: create_room
2024-04-17 16:14:55,346 - INFO :  Action: create_room
2024-04-17 16:17:36,137 - INFO :  Action: create_room
2024-04-17 16:21:55,825 - INFO :  Action: create_room
2024-04-19 16:46:52,897 - INFO :  Action: create_join_room
2024-04-19 16:46:54,708 - INFO :  Action: create_room
2024-04-19 16:46:54,859 - INFO :  Creating CreateRoomWindow
2024-04-19 16:47:14,058 - INFO :  Theme set to NeonBanana
2024-04-19 16:47:14,373 - INFO :  Theme set to NightTrain
2024-04-19 16:47:14,630 - INFO :  Theme set to NeonBanana
2024-04-19 16:47:15,917 - INFO :  Action: create_room
2024-04-19 16:47:16,079 - INFO :  Creating CreateRoomWindow
2024-04-20 20:58:41,001 - INFO :  Theme set to NeonBanana
2024-04-20 20:58:41,866 - INFO :  Action: create_join_room
2024-04-20 20:58:42,041 - INFO :  Creating CreateRoomWindow
2024-04-20 20:58:45,623 - INFO :  Action: create_room
2024-04-20 20:58:45,774 - INFO :  Creating CreateRoomWindow
2024-04-20 20:58:57,142 - INFO :  Action: create_join_room
2024-04-20 20:58:57,295 - INFO :  Creating CreateRoomWindow
2024-04-25 21:32:53,767 - INFO :  Action: create_room
2024-04-25 21:32:53,931 - INFO :  Creating CreateRoomWindow
2024-04-25 21:33:18,441 - INFO :  Action: create_join_room
2024-04-25 21:33:18,597 - INFO :  Creating CreateRoomWindow
2024-04-26 21:48:41,272 - INFO :  Creating JoinRoomWindow
2024-04-27 08:55:40,278 - INFO :  Creating CreateRoomWindow
2024-04-27 10:04:52,310 - INFO :  Theme set to NeonBanana
2024-04-27 10:13:51,063 - INFO :  Theme set to NeonBanana
2024-04-27 11:31:07,399 - INFO :  Theme set to NightTrain
2024-04-27 11:31:07,481 - INFO :  Theme set to NightTrain
2024-04-27 11:31:11,012 - INFO :  Action: create_room
2024-04-27 11:31:11,155 - INFO :  Creating CreateRoomWindow
2024-04-27 11:32:50,593 - INFO :  Theme set to NightTrain
2024-04-27 11:32:56,476 - INFO :  Action: create_room
2024-04-27 11:32:56,631 - INFO :  Creating CreateRoomWindow
2024-04-27 11:32:59,650 - INFO :  Theme set to NeonBanana
2024-05-06 21:17:46,039 - INFO :  Theme set to NightTrain
2024-05-06 21:17:58,746 - INFO :  Action: create_join_room
2024-05-06 21:17:58,912 - INFO :  Creating CreateRoomWindow
2024-05-10 21:59:36,806 - INFO :  Action: create_room
2024-05-10 21:59:36,971 - INFO :  Creating CreateRoomWindow
2024-05-11 14:07:23,926 - INFO :  Theme set to NeonBanana
2024-05-14 08:14:04,136 - INFO :  Theme set to NightTrain
2024-05-14 14:38:26,255 - INFO :  Action: create_room
2024-05-14 14:38:26,369 - INFO :  Creating CreateRoomWindow
2024-05-14 14:38:40,567 - INFO :  Action: join_room
2024-05-14 14:38:40,685 - INFO :  Creating JoinRoomWindow
2024-05-14 16:14:52,086 - INFO :  Theme set to NeonBanana
2024-05-14 16:18:52,587 - INFO :  Theme set to NightTrain
2024-05-14 16:18:57,369 - INFO :  Theme set to NeonBanana
2024-05-17 17:49:19,806 - INFO :  Theme set to NightTrain
2024-05-17 17:51:09,704 - INFO :  Action: create_room
2024-05-17 17:51:09,888 - INFO :  Creating CreateRoomWindow
2024-06-19 19:42:56,096 - INFO :  Action: create_room
2024-06-19 19:42:56,281 - INFO :  Creating CreateRoomWindow
2024-06-19 19:42:59,546 - INFO :  Theme set to NeonBanana
2024-06-19 19:43:06,688 - INFO :  Action: create_room
2024-06-19 19:43:06,840 - INFO :  Creating CreateRoomWindow
2024-06-19 19:43:16,426 - INFO :  Action: create_join_room
2024-06-19 19:43:16,583 - INFO :  Creating CreateRoomWindow
2024-06-19 19:48:48,001 - INFO :  Action: create_room
2024-06-19 19:48:48,144 - INFO :  Creating CreateRoomWindow
2024-06-19 19:51:29,905 - INFO :  Theme set to NightTrain
2024-06-19 19:51:33,758 - INFO :  Action: create_room
2024-06-19 19:51:33,906 - INFO :  Creating CreateRoomWindow
2024-07-21 12:27:04,180 - INFO :  Theme set to NeonBanana
2024-07-21 12:27:27,638 - INFO :  Action: create_room
2024-07-21 12:27:27,770 - INFO :  Creating CreateRoomWindow
2024-07-21 12:27:38,821 - INFO :  Theme set to NightTrain
2024-07-21 12:27:48,294 - INFO :  Action: create_room
2024-07-21 12:27:48,454 - INFO :  Creating CreateRoomWindow
2024-07-21 12:27:49,953 - INFO :  Theme set to NeonBanana
2024-07-21 12:50:41,319 - INFO :  Action: create_room
2024-07-21 12:50:41,452 - INFO :  Creating CreateRoomWindow
2024-07-21 12:54:01,998 - INFO :  Action: create_room
2024-07-21 12:54:02,134 - INFO :  Creating CreateRoomWindow
2024-07-21 12:55:42,488 - INFO :  Action: create_room
2024-07-21 12:55:42,623 - INFO :  Creating CreateRoomWindow
2024-07-21 12:56:35,967 - INFO :  Action: create_room
2024-07-21 12:56:36,128 - INFO :  Creating CreateRoomWindow
2024-07-21 12:59:47,450 - INFO :  Action: create_room
2024-07-21 12:59:47,586 - INFO :  Creating CreateRoomWindow
2024-07-21 13:01:57,027 - INFO :  Action: create_room
2024-07-21 13:01:57,163 - INFO :  Creating CreateRoomWindow
2024-07-21 13:10:01,743 - INFO :  Action: create_join_room
2024-07-21 13:10:01,868 - INFO :  Creating JoinRoomWindow
2024-07-21 13:10:16,652 - INFO :  Action: create_join_room
2024-07-21 13:10:16,796 - INFO :  Creating JoinRoomWindow
2024-07-21 13:10:36,401 - INFO :  Action: create_room
2024-07-21 13:10:36,541 - INFO :  Creating CreateRoomWindow
2024-07-21 13:10:40,273 - INFO :  Action: create_join_room
2024-07-21 13:10:40,424 - INFO :  Creating JoinRoomWindow
2024-07-21 13:13:08,028 - INFO :  Action: create_join_room
2024-07-21 13:13:08,153 - INFO :  Creating JoinRoomWindow
2024-07-21 13:13:42,230 - INFO :  Action: create_join_room
2024-07-21 13:13:42,356 - INFO :  Creating JoinRoomWindow
2024-07-21 13:15:57,364 - INFO :  Action: create_join_room
2024-07-21 13:15:57,516 - INFO :  Creating JoinRoomWindow
2024-07-21 13:17:02,122 - INFO :  Action: create_join_room
2024-07-21 13:17:02,262 - INFO :  Creating JoinRoomWindow
2024-07-21 13:20:42,470 - INFO :  Action: create_room
2024-07-21 13:20:42,617 - INFO :  Creating CreateRoomWindow
2024-07-21 13:22:11,011 - INFO :  Action: create_room
2024-07-21 13:22:11,137 - INFO :  Creating CreateRoomWindow
2024-07-21 13:24:00,030 - INFO :  Action: create_room
2024-07-21 13:24:00,156 - INFO :  Creating CreateRoomWindow
2024-07-21 13:25:35,769 - INFO :  Action: create_room
2024-07-21 13:25:35,897 - INFO :  Creating CreateRoomWindow
2024-07-21 13:40:59,890 - INFO :  Action: create_room
2024-07-21 13:41:00,018 - INFO :  Creating CreateRoomWindow
2024-07-21 13:43:49,902 - INFO :  Action: create_room
2024-07-21 13:43:50,040 - INFO :  Creating CreateRoomWindow
2024-07-21 13:44:05,632 - INFO :  Action: create_room
2024-07-21 13:44:05,772 - INFO :  Creating CreateRoomWindow
2024-07-21 14:19:06,258 - INFO :  Action: create_room
2024-07-21 14:19:06,383 - INFO :  Creating CreateRoomWindow
2024-07-21 14:25:23,507 - INFO :  Action: create_room
2024-07-21 14:25:23,649 - INFO :  Creating CreateRoomWindow
2024-07-21 14:25:54,599 - INFO :  Action: create_room
2024-07-21 14:25:54,742 - INFO :  Creating CreateRoomWindow
2025-01-09 20:16:47,851 - INFO :  Updating authtoken for default "config_path" of "ngrok_path": C:\Users\User\AppData\Local\ngrok\ngrok.exe
2025-01-09 20:18:01,627 - INFO :  Updating authtoken for default "config_path" of "ngrok_path": C:\Users\User\AppData\Local\ngrok\ngrok.exe
2025-01-09 20:23:38,398 - INFO :  Updating authtoken for default "config_path" of "ngrok_path": C:\Users\User\AppData\Local\ngrok\ngrok.exe
2025-01-09 20:23:55,510 - INFO :  Updating authtoken for default "config_path" of "ngrok_path": C:\Users\User\AppData\Local\ngrok\ngrok.exe
2025-01-09 20:24:43,182 - INFO :  Updating authtoken for default "config_path" of "ngrok_path": C:\Users\User\AppData\Local\ngrok\ngrok.exe
